#
# There is insufficient memory for the Java Runtime Environment to continue.
# Native memory allocation (mmap) failed to map 130023424 bytes for G1 virtual space
# Possible reasons:
#   The system is out of physical RAM or swap space
#   The process is running with CompressedOops enabled, and the Java Heap may be blocking the growth of the native heap
# Possible solutions:
#   Reduce memory load on the system
#   Increase physical memory or swap space
#   Check if swap backing store is full
#   Decrease Java heap size (-Xmx/-Xms)
#   Decrease number of Java threads
#   Decrease Java thread stack sizes (-Xss)
#   Set larger code cache with -XX:ReservedCodeCacheSize=
#   JVM is running with Unscaled Compressed Oops mode in which the Java heap is
#     placed in the first 4GB address space. The Java Heap base address is the
#     maximum limit for the native heap growth. Please use -XX:HeapBaseMinAddress
#     to set the Java Heap base and to place the Java Heap above 4GB virtual address.
# This output file may be truncated or incomplete.
#
#  Out of Memory Error (os_windows.cpp:3550), pid=10236, tid=7396
#
# JRE version:  (17.0.6+9) (build )
# Java VM: Java HotSpot(TM) 64-Bit Server VM (17.0.6+9-LTS-190, mixed mode, sharing, tiered, compressed oops, compressed class ptrs, g1 gc, windows-amd64)
# No core dump will be written. Minidumps are not enabled by default on client versions of Windows
#

---------------  S U M M A R Y ------------

Command Line: 

Host: Intel(R) Core(TM) i3-8100 CPU @ 3.60GHz, 4 cores, 7G,  Windows 10 , 64 bit Build 19041 (10.0.19041.2546)
Time: Tue Mar  7 18:24:34 2023 Belarus Standard Time elapsed time: 1.326119 seconds (0d 0h 0m 1s)

---------------  T H R E A D  ---------------

Current thread (0x000001f8cda3a760):  JavaThread "Unknown thread" [_thread_in_vm, id=7396, stack(0x000000b4e4c00000,0x000000b4e4d00000)]

Stack: [0x000000b4e4c00000,0x000000b4e4d00000]
Native frames: (J=compiled Java code, j=interpreted, Vv=VM code, C=native code)
V  [jvm.dll+0x6734ea]
V  [jvm.dll+0x7d18f4]
V  [jvm.dll+0x7d309e]
V  [jvm.dll+0x7d3703]
V  [jvm.dll+0x2433c5]
V  [jvm.dll+0x6703f9]
V  [jvm.dll+0x664d32]
V  [jvm.dll+0x300086]
V  [jvm.dll+0x307606]
V  [jvm.dll+0x356c1e]
V  [jvm.dll+0x356e4f]
V  [jvm.dll+0x2d72e8]
V  [jvm.dll+0x2d8254]
V  [jvm.dll+0x7a33b1]
V  [jvm.dll+0x3647f1]
V  [jvm.dll+0x782839]
V  [jvm.dll+0x3e757f]
V  [jvm.dll+0x3e9001]
C  [jli.dll+0x5297]
C  [ucrtbase.dll+0x21bb2]
C  [KERNEL32.DLL+0x17614]
C  [ntdll.dll+0x526a1]


---------------  P R O C E S S  ---------------

Threads class SMR info:
_java_thread_list=0x00007ff9f95ee958, length=0, elements={
}

Java Threads: ( => current thread )

Other Threads:
  0x000001f8cda93f20 GCTaskThread "GC Thread#0" [stack: 0x000000b4e4d00000,0x000000b4e4e00000] [id=10960]
  0x000001f8cdaa4b40 ConcurrentGCThread "G1 Main Marker" [stack: 0x000000b4e4e00000,0x000000b4e4f00000] [id=4156]
  0x000001f8cdaa5550 ConcurrentGCThread "G1 Conc#0" [stack: 0x000000b4e4f00000,0x000000b4e5000000] [id=7128]

[error occurred during error reporting (printing all threads), id 0xc0000005, EXCEPTION_ACCESS_VIOLATION (0xc0000005) at pc=0x00007ff9f8e27f07]

VM state: not at safepoint (not fully initialized)

VM Mutex/Monitor currently owned by a thread:  ([mutex/lock_event])
[0x000001f8cda37d20] Heap_lock - owner thread: 0x000001f8cda3a760

Heap address: 0x0000000085600000, size: 1962 MB, Compressed Oops mode: 32-bit

CDS archive(s) mapped at: [0x0000000000000000-0x0000000000000000-0x0000000000000000), size 0, SharedBaseAddress: 0x0000000800000000, ArchiveRelocationMode: 0.
Narrow klass base: 0x0000000000000000, Narrow klass shift: 0, Narrow klass range: 0x0

GC Precious Log:
<Empty>

Heap:
 garbage-first heap   total 0K, used 0K [0x0000000085600000, 0x0000000100000000)
  region size 1024K, 0 young (0K), 0 survivors (0K)

[error occurred during error reporting (printing heap information), id 0xc0000005, EXCEPTION_ACCESS_VIOLATION (0xc0000005) at pc=0x00007ff9f920c759]

GC Heap History (0 events):
No events

Deoptimization events (0 events):
No events

Classes unloaded (0 events):
No events

Classes redefined (0 events):
No events

Internal exceptions (0 events):
No events

VM Operations (0 events):
No events

Events (1 events):
Event: 0.790 Loaded shared library C:\Program Files\Java\jdk-17\bin\java.dll


Dynamic libraries:
0x00007ff721080000 - 0x00007ff721090000 	C:\Program Files\Java\jdk-17\bin\java.exe
0x00007ffa3da50000 - 0x00007ffa3dc48000 	C:\WINDOWS\SYSTEM32\ntdll.dll
0x00007ffa3c840000 - 0x00007ffa3c8ff000 	C:\WINDOWS\System32\KERNEL32.DLL
0x00007ffa3b7b0000 - 0x00007ffa3ba82000 	C:\WINDOWS\System32\KERNELBASE.dll
0x00007ffa362b0000 - 0x00007ffa362c8000 	C:\Program Files\Java\jdk-17\bin\jli.dll
0x00007ffa346a0000 - 0x00007ffa346bb000 	C:\Program Files\Java\jdk-17\bin\VCRUNTIME140.dll
0x00007ffa3c1c0000 - 0x00007ffa3c26e000 	C:\WINDOWS\System32\ADVAPI32.dll
0x00007ffa3b280000 - 0x00007ffa3b380000 	C:\WINDOWS\System32\ucrtbase.dll
0x00007ffa3d8d0000 - 0x00007ffa3d96e000 	C:\WINDOWS\System32\msvcrt.dll
0x00007ffa3d970000 - 0x00007ffa3da0c000 	C:\WINDOWS\System32\sechost.dll
0x00007ffa3c710000 - 0x00007ffa3c835000 	C:\WINDOWS\System32\RPCRT4.dll
0x00007ffa3d5a0000 - 0x00007ffa3d741000 	C:\WINDOWS\System32\USER32.dll
0x00007ffa3b5d0000 - 0x00007ffa3b5f2000 	C:\WINDOWS\System32\win32u.dll
0x00007ffa22840000 - 0x00007ffa22ada000 	C:\WINDOWS\WinSxS\amd64_microsoft.windows.common-controls_6595b64144ccf1df_6.0.19041.1110_none_60b5254171f9507e\COMCTL32.dll
0x00007ffa3c190000 - 0x00007ffa3c1bb000 	C:\WINDOWS\System32\GDI32.dll
0x00007ffa3b420000 - 0x00007ffa3b52f000 	C:\WINDOWS\System32\gdi32full.dll
0x00007ffa3b380000 - 0x00007ffa3b41d000 	C:\WINDOWS\System32\msvcp_win.dll
0x00007ffa36920000 - 0x00007ffa3692a000 	C:\WINDOWS\SYSTEM32\VERSION.dll
0x00007ffa3d890000 - 0x00007ffa3d8c2000 	C:\WINDOWS\System32\IMM32.DLL
0x00007ffa34680000 - 0x00007ffa3468c000 	C:\Program Files\Java\jdk-17\bin\vcruntime140_1.dll
0x00007ffa0f430000 - 0x00007ffa0f4be000 	C:\Program Files\Java\jdk-17\bin\msvcp140.dll
0x00007ff9f8b40000 - 0x00007ff9f9717000 	C:\Program Files\Java\jdk-17\bin\server\jvm.dll
0x00007ffa3cb80000 - 0x00007ffa3cb88000 	C:\WINDOWS\System32\PSAPI.DLL
0x00007ffa33ec0000 - 0x00007ffa33ec9000 	C:\WINDOWS\SYSTEM32\WSOCK32.dll
0x00007ffa3c9d0000 - 0x00007ffa3ca3b000 	C:\WINDOWS\System32\WS2_32.dll
0x00007ffa24fb0000 - 0x00007ffa24fd7000 	C:\WINDOWS\SYSTEM32\WINMM.dll
0x00007ffa38f40000 - 0x00007ffa38f52000 	C:\WINDOWS\SYSTEM32\kernel.appcore.dll
0x00007ffa32ff0000 - 0x00007ffa32ffa000 	C:\Program Files\Java\jdk-17\bin\jimage.dll
0x00007ffa2b9a0000 - 0x00007ffa2bb84000 	C:\WINDOWS\SYSTEM32\DBGHELP.DLL
0x00007ffa2c220000 - 0x00007ffa2c255000 	C:\WINDOWS\SYSTEM32\dbgcore.DLL
0x00007ffa3b140000 - 0x00007ffa3b1c2000 	C:\WINDOWS\System32\bcryptPrimitives.dll
0x00007ffa2c970000 - 0x00007ffa2c995000 	C:\Program Files\Java\jdk-17\bin\java.dll

dbghelp: loaded successfully - version: 4.0.5 - missing functions: none
symbol engine: initialized successfully - sym options: 0x614 - pdb path: .;C:\Program Files\Java\jdk-17\bin;C:\WINDOWS\SYSTEM32;C:\WINDOWS\WinSxS\amd64_microsoft.windows.common-controls_6595b64144ccf1df_6.0.19041.1110_none_60b5254171f9507e;C:\Program Files\Java\jdk-17\bin\server

VM Arguments:
java_command: <unknown>
java_class_path (initial): <not set>
Launcher Type: SUN_STANDARD

[Global flags]
     intx CICompilerCount                          = 3                                         {product} {ergonomic}
     uint ConcGCThreads                            = 1                                         {product} {ergonomic}
     uint G1ConcRefinementThreads                  = 4                                         {product} {ergonomic}
   size_t G1HeapRegionSize                         = 1048576                                   {product} {ergonomic}
    uintx GCDrainStackTargetSize                   = 64                                        {product} {ergonomic}
   size_t InitialHeapSize                          = 130023424                                 {product} {ergonomic}
   size_t MarkStackSize                            = 4194304                                   {product} {ergonomic}
   size_t MaxHeapSize                              = 2057306112                                {product} {ergonomic}
   size_t MinHeapDeltaBytes                        = 1048576                                   {product} {ergonomic}
   size_t MinHeapSize                              = 8388608                                   {product} {ergonomic}
    uintx NonNMethodCodeHeapSize                   = 5832780                                {pd product} {ergonomic}
    uintx NonProfiledCodeHeapSize                  = 122912730                              {pd product} {ergonomic}
    uintx ProfiledCodeHeapSize                     = 122912730                              {pd product} {ergonomic}
    uintx ReservedCodeCacheSize                    = 251658240                              {pd product} {ergonomic}
     bool SegmentedCodeCache                       = true                                      {product} {ergonomic}
   size_t SoftMaxHeapSize                          = 2057306112                             {manageable} {ergonomic}
     bool UseCompressedClassPointers               = true                           {product lp64_product} {ergonomic}
     bool UseCompressedOops                        = true                           {product lp64_product} {ergonomic}
     bool UseG1GC                                  = true                                      {product} {ergonomic}
     bool UseLargePagesIndividualAllocation        = false                                  {pd product} {ergonomic}

Logging:
Log output configuration:
 #0: stdout all=warning uptime,level,tags
 #1: stderr all=off uptime,level,tags

Environment Variables:
PATH=C:\Program Files\Common Files\Oracle\Java\javapath;C:\Program Files (x86)\Common Files\Oracle\Java\javapath;C:\WINDOWS\system32;C:\WINDOWS;C:\WINDOWS\System32\Wbem;C:\WINDOWS\System32\WindowsPowerShell\v1.0\;C:\WINDOWS\System32\OpenSSH\;C:\Program Files\nodejs\;C:\Program Files\Git\cmd;C:\Users\ylazarovskiy\AppData\Local\Microsoft\WindowsApps;;C:\Users\ylazarovskiy\AppData\Local\Programs\Microsoft VS Code\bin;C:\Program Files\sfdx\bin
USERNAME=ylazarovskiy
OS=Windows_NT
PROCESSOR_IDENTIFIER=Intel64 Family 6 Model 158 Stepping 11, GenuineIntel



---------------  S Y S T E M  ---------------

OS:
 Windows 10 , 64 bit Build 19041 (10.0.19041.2546)
OS uptime: 13 days 1:10 hours

CPU: total 4 (initial active 4) (4 cores per cpu, 1 threads per core) family 6 model 158 stepping 11 microcode 0xb4, cx8, cmov, fxsr, mmx, 3dnowpref, sse, sse2, sse3, ssse3, sse4.1, sse4.2, popcnt, lzcnt, tsc, tscinvbit, avx, avx2, aes, erms, clmul, bmi1, bmi2, adx, fma, vzeroupper, clflush, clflushopt

Memory: 4k page, system-wide physical 7847M (716M free)
TotalPageFile size 7847M (AvailPageFile size 112M)
current process WorkingSet (physical memory assigned to process): 10M, peak: 10M
current process commit charge ("private bytes"): 51M, peak: 175M

vm_info: Java HotSpot(TM) 64-Bit Server VM (17.0.6+9-LTS-190) for windows-amd64 JRE (17.0.6+9-LTS-190), built on Dec  6 2022 15:53:54 by "mach5one" with MS VC++ 17.1 (VS2022)

END.
